!SESSION 2018-06-07 16:16:07.346 -----------------------------------------------
eclipse.buildId=unknown
java.version=1.8.0_171
java.vendor=Oracle Corporation
BootLoader constants: OS=macosx, ARCH=x86_64, WS=cocoa, NL=zh_CN
Command-line arguments:  -data /path/to/data

!ENTRY org.eclipse.jdt.ls.core 4 0 2018-06-07 16:16:08.070
!MESSAGE FrameworkEvent ERROR
!STACK 0
org.osgi.framework.BundleException: Exception in org.eclipse.jdt.ls.core.internal.JavaLanguageServerPlugin.start() of bundle org.eclipse.jdt.ls.core.
	at org.eclipse.osgi.internal.framework.BundleContextImpl.startActivator(BundleContextImpl.java:800)
	at org.eclipse.osgi.internal.framework.BundleContextImpl.start(BundleContextImpl.java:729)
	at org.eclipse.osgi.internal.framework.EquinoxBundle.startWorker0(EquinoxBundle.java:1002)
	at org.eclipse.osgi.internal.framework.EquinoxBundle$EquinoxModule.startWorker(EquinoxBundle.java:354)
	at org.eclipse.osgi.container.Module.doStart(Module.java:581)
	at org.eclipse.osgi.container.Module.start(Module.java:449)
	at org.eclipse.osgi.container.ModuleContainer$ContainerStartLevel.incStartLevel(ModuleContainer.java:1682)
	at org.eclipse.osgi.container.ModuleContainer$ContainerStartLevel.incStartLevel(ModuleContainer.java:1662)
	at org.eclipse.osgi.container.ModuleContainer$ContainerStartLevel.doContainerStartLevel(ModuleContainer.java:1624)
	at org.eclipse.osgi.container.ModuleContainer$ContainerStartLevel.dispatchEvent(ModuleContainer.java:1555)
	at org.eclipse.osgi.container.ModuleContainer$ContainerStartLevel.dispatchEvent(ModuleContainer.java:1)
	at org.eclipse.osgi.framework.eventmgr.EventManager.dispatchEvent(EventManager.java:230)
	at org.eclipse.osgi.framework.eventmgr.EventManager$EventThread.run(EventManager.java:340)
Caused by: java.lang.IllegalStateException: The platform metadata area could not be written: /path/to/data/.metadata.  By default the platform writes its content
under the current working directory when the platform is launched.  Use the -data parameter to
specify a different content area for the platform.
	at org.eclipse.core.internal.runtime.DataArea.assertLocationInitialized(DataArea.java:70)
	at org.eclipse.core.internal.runtime.DataArea.getStateLocation(DataArea.java:138)
	at org.eclipse.core.internal.preferences.InstancePreferences.getBaseLocation(InstancePreferences.java:44)
	at org.eclipse.core.internal.preferences.InstancePreferences.initializeChildren(InstancePreferences.java:209)
	at org.eclipse.core.internal.preferences.InstancePreferences.<init>(InstancePreferences.java:59)
	at org.eclipse.core.internal.preferences.InstancePreferences.internalCreate(InstancePreferences.java:220)
	at org.eclipse.core.internal.preferences.EclipsePreferences.create(EclipsePreferences.java:349)
	at org.eclipse.core.internal.preferences.EclipsePreferences.create(EclipsePreferences.java:337)
	at org.eclipse.core.internal.preferences.PreferencesService.createNode(PreferencesService.java:393)
	at org.eclipse.core.internal.preferences.RootPreferences.getChild(RootPreferences.java:60)
	at org.eclipse.core.internal.preferences.RootPreferences.getNode(RootPreferences.java:95)
	at org.eclipse.core.internal.preferences.RootPreferences.node(RootPreferences.java:84)
	at org.eclipse.core.internal.preferences.AbstractScope.getNode(AbstractScope.java:38)
	at org.eclipse.core.runtime.preferences.InstanceScope.getNode(InstanceScope.java:77)
	at org.eclipse.jdt.ls.core.internal.preferences.PreferenceManager.<init>(PreferenceManager.java:57)
	at org.eclipse.jdt.ls.core.internal.JavaLanguageServerPlugin.start(JavaLanguageServerPlugin.java:124)
	at org.eclipse.osgi.internal.framework.BundleContextImpl$3.run(BundleContextImpl.java:779)
	at org.eclipse.osgi.internal.framework.BundleContextImpl$3.run(BundleContextImpl.java:1)
	at java.security.AccessController.doPrivileged(Native Method)
	at org.eclipse.osgi.internal.framework.BundleContextImpl.startActivator(BundleContextImpl.java:772)
	... 12 more
Root exception:
java.lang.IllegalStateException: The platform metadata area could not be written: /path/to/data/.metadata.  By default the platform writes its content
under the current working directory when the platform is launched.  Use the -data parameter to
specify a different content area for the platform.
	at org.eclipse.core.internal.runtime.DataArea.assertLocationInitialized(DataArea.java:70)
	at org.eclipse.core.internal.runtime.DataArea.getStateLocation(DataArea.java:138)
	at org.eclipse.core.internal.preferences.InstancePreferences.getBaseLocation(InstancePreferences.java:44)
	at org.eclipse.core.internal.preferences.InstancePreferences.initializeChildren(InstancePreferences.java:209)
	at org.eclipse.core.internal.preferences.InstancePreferences.<init>(InstancePreferences.java:59)
	at org.eclipse.core.internal.preferences.InstancePreferences.internalCreate(InstancePreferences.java:220)
	at org.eclipse.core.internal.preferences.EclipsePreferences.create(EclipsePreferences.java:349)
	at org.eclipse.core.internal.preferences.EclipsePreferences.create(EclipsePreferences.java:337)
	at org.eclipse.core.internal.preferences.PreferencesService.createNode(PreferencesService.java:393)
	at org.eclipse.core.internal.preferences.RootPreferences.getChild(RootPreferences.java:60)
	at org.eclipse.core.internal.preferences.RootPreferences.getNode(RootPreferences.java:95)
	at org.eclipse.core.internal.preferences.RootPreferences.node(RootPreferences.java:84)
	at org.eclipse.core.internal.preferences.AbstractScope.getNode(AbstractScope.java:38)
	at org.eclipse.core.runtime.preferences.InstanceScope.getNode(InstanceScope.java:77)
	at org.eclipse.jdt.ls.core.internal.preferences.PreferenceManager.<init>(PreferenceManager.java:57)
	at org.eclipse.jdt.ls.core.internal.JavaLanguageServerPlugin.start(JavaLanguageServerPlugin.java:124)
	at org.eclipse.osgi.internal.framework.BundleContextImpl$3.run(BundleContextImpl.java:779)
	at org.eclipse.osgi.internal.framework.BundleContextImpl$3.run(BundleContextImpl.java:1)
	at java.security.AccessController.doPrivileged(Native Method)
	at org.eclipse.osgi.internal.framework.BundleContextImpl.startActivator(BundleContextImpl.java:772)
	at org.eclipse.osgi.internal.framework.BundleContextImpl.start(BundleContextImpl.java:729)
	at org.eclipse.osgi.internal.framework.EquinoxBundle.startWorker0(EquinoxBundle.java:1002)
	at org.eclipse.osgi.internal.framework.EquinoxBundle$EquinoxModule.startWorker(EquinoxBundle.java:354)
	at org.eclipse.osgi.container.Module.doStart(Module.java:581)
	at org.eclipse.osgi.container.Module.start(Module.java:449)
	at org.eclipse.osgi.container.ModuleContainer$ContainerStartLevel.incStartLevel(ModuleContainer.java:1682)
	at org.eclipse.osgi.container.ModuleContainer$ContainerStartLevel.incStartLevel(ModuleContainer.java:1662)
	at org.eclipse.osgi.container.ModuleContainer$ContainerStartLevel.doContainerStartLevel(ModuleContainer.java:1624)
	at org.eclipse.osgi.container.ModuleContainer$ContainerStartLevel.dispatchEvent(ModuleContainer.java:1555)
	at org.eclipse.osgi.container.ModuleContainer$ContainerStartLevel.dispatchEvent(ModuleContainer.java:1)
	at org.eclipse.osgi.framework.eventmgr.EventManager.dispatchEvent(EventManager.java:230)
	at org.eclipse.osgi.framework.eventmgr.EventManager$EventThread.run(EventManager.java:340)

!ENTRY org.eclipse.osgi 4 0 2018-06-07 16:16:08.071
!MESSAGE Bundle org.eclipse.jdt.ls.core_0.21.0.201806070706 [51] is not active.

!ENTRY org.eclipse.osgi 4 0 2018-06-07 16:16:08.074
!MESSAGE An error occurred while automatically activating bundle org.eclipse.jdt.ls.core (51).
!STACK 0
org.osgi.framework.BundleException: Exception in org.eclipse.jdt.ls.core.internal.JavaLanguageServerPlugin.start() of bundle org.eclipse.jdt.ls.core.
	at org.eclipse.osgi.internal.framework.BundleContextImpl.startActivator(BundleContextImpl.java:800)
	at org.eclipse.osgi.internal.framework.BundleContextImpl.start(BundleContextImpl.java:729)
	at org.eclipse.osgi.internal.framework.EquinoxBundle.startWorker0(EquinoxBundle.java:1002)
	at org.eclipse.osgi.internal.framework.EquinoxBundle$EquinoxModule.startWorker(EquinoxBundle.java:354)
	at org.eclipse.osgi.container.Module.doStart(Module.java:581)
	at org.eclipse.osgi.container.Module.start(Module.java:449)
	at org.eclipse.osgi.framework.util.SecureAction.start(SecureAction.java:468)
	at org.eclipse.osgi.internal.hooks.EclipseLazyStarter.postFindLocalClass(EclipseLazyStarter.java:114)
	at org.eclipse.osgi.internal.loader.classpath.ClasspathManager.findLocalClass(ClasspathManager.java:505)
	at org.eclipse.osgi.internal.loader.ModuleClassLoader.findLocalClass(ModuleClassLoader.java:328)
	at org.eclipse.osgi.internal.loader.BundleLoader.findLocalClass(BundleLoader.java:392)
	at org.eclipse.osgi.internal.loader.BundleLoader.findClassInternal(BundleLoader.java:470)
	at org.eclipse.osgi.internal.loader.BundleLoader.findClass(BundleLoader.java:419)
	at org.eclipse.osgi.internal.loader.BundleLoader.findClass(BundleLoader.java:411)
	at org.eclipse.osgi.internal.loader.ModuleClassLoader.loadClass(ModuleClassLoader.java:150)
	at java.lang.ClassLoader.loadClass(ClassLoader.java:357)
	at org.eclipse.osgi.internal.framework.EquinoxBundle.loadClass(EquinoxBundle.java:609)
	at org.eclipse.core.internal.registry.osgi.RegistryStrategyOSGI.createExecutableExtension(RegistryStrategyOSGI.java:177)
	at org.eclipse.core.internal.registry.ExtensionRegistry.createExecutableExtension(ExtensionRegistry.java:931)
	at org.eclipse.core.internal.registry.ConfigurationElement.createExecutableExtension(ConfigurationElement.java:243)
	at org.eclipse.core.internal.registry.ConfigurationElementHandle.createExecutableExtension(ConfigurationElementHandle.java:60)
	at org.eclipse.equinox.internal.app.EclipseAppHandle.run(EclipseAppHandle.java:191)
	at org.eclipse.core.runtime.internal.adaptor.EclipseAppLauncher.runApplication(EclipseAppLauncher.java:134)
	at org.eclipse.core.runtime.internal.adaptor.EclipseAppLauncher.start(EclipseAppLauncher.java:104)
	at org.eclipse.core.runtime.adaptor.EclipseStarter.run(EclipseStarter.java:388)
	at org.eclipse.core.runtime.adaptor.EclipseStarter.run(EclipseStarter.java:243)
	at sun.reflect.NativeMethodAccessorImpl.invoke0(Native Method)
	at sun.reflect.NativeMethodAccessorImpl.invoke(NativeMethodAccessorImpl.java:62)
	at sun.reflect.DelegatingMethodAccessorImpl.invoke(DelegatingMethodAccessorImpl.java:43)
	at java.lang.reflect.Method.invoke(Method.java:498)
	at org.eclipse.equinox.launcher.Main.invokeFramework(Main.java:656)
	at org.eclipse.equinox.launcher.Main.basicRun(Main.java:592)
	at org.eclipse.equinox.launcher.Main.run(Main.java:1498)
	at org.eclipse.equinox.launcher.Main.main(Main.java:1471)
Caused by: java.lang.IllegalStateException: BundleContext is no longer valid
	at org.eclipse.osgi.internal.framework.BundleContextImpl.checkValid(BundleContextImpl.java:989)
	at org.eclipse.osgi.internal.framework.BundleContextImpl.getBundle(BundleContextImpl.java:129)
	at org.eclipse.jdt.ls.core.internal.JavaLanguageServerPlugin.logException(JavaLanguageServerPlugin.java:298)
	at org.eclipse.jdt.ls.core.internal.JavaLanguageServerPlugin.start(JavaLanguageServerPlugin.java:113)
	at org.eclipse.osgi.internal.framework.BundleContextImpl$3.run(BundleContextImpl.java:779)
	at org.eclipse.osgi.internal.framework.BundleContextImpl$3.run(BundleContextImpl.java:1)
	at java.security.AccessController.doPrivileged(Native Method)
	at org.eclipse.osgi.internal.framework.BundleContextImpl.startActivator(BundleContextImpl.java:772)
	... 33 more
Root exception:
java.lang.IllegalStateException: BundleContext is no longer valid
	at org.eclipse.osgi.internal.framework.BundleContextImpl.checkValid(BundleContextImpl.java:989)
	at org.eclipse.osgi.internal.framework.BundleContextImpl.getBundle(BundleContextImpl.java:129)
	at org.eclipse.jdt.ls.core.internal.JavaLanguageServerPlugin.logException(JavaLanguageServerPlugin.java:298)
	at org.eclipse.jdt.ls.core.internal.JavaLanguageServerPlugin.start(JavaLanguageServerPlugin.java:113)
	at org.eclipse.osgi.internal.framework.BundleContextImpl$3.run(BundleContextImpl.java:779)
	at org.eclipse.osgi.internal.framework.BundleContextImpl$3.run(BundleContextImpl.java:1)
	at java.security.AccessController.doPrivileged(Native Method)
	at org.eclipse.osgi.internal.framework.BundleContextImpl.startActivator(BundleContextImpl.java:772)
	at org.eclipse.osgi.internal.framework.BundleContextImpl.start(BundleContextImpl.java:729)
	at org.eclipse.osgi.internal.framework.EquinoxBundle.startWorker0(EquinoxBundle.java:1002)
	at org.eclipse.osgi.internal.framework.EquinoxBundle$EquinoxModule.startWorker(EquinoxBundle.java:354)
	at org.eclipse.osgi.container.Module.doStart(Module.java:581)
	at org.eclipse.osgi.container.Module.start(Module.java:449)
	at org.eclipse.osgi.framework.util.SecureAction.start(SecureAction.java:468)
	at org.eclipse.osgi.internal.hooks.EclipseLazyStarter.postFindLocalClass(EclipseLazyStarter.java:114)
	at org.eclipse.osgi.internal.loader.classpath.ClasspathManager.findLocalClass(ClasspathManager.java:505)
	at org.eclipse.osgi.internal.loader.ModuleClassLoader.findLocalClass(ModuleClassLoader.java:328)
	at org.eclipse.osgi.internal.loader.BundleLoader.findLocalClass(BundleLoader.java:392)
	at org.eclipse.osgi.internal.loader.BundleLoader.findClassInternal(BundleLoader.java:470)
	at org.eclipse.osgi.internal.loader.BundleLoader.findClass(BundleLoader.java:419)
	at org.eclipse.osgi.internal.loader.BundleLoader.findClass(BundleLoader.java:411)
	at org.eclipse.osgi.internal.loader.ModuleClassLoader.loadClass(ModuleClassLoader.java:150)
	at java.lang.ClassLoader.loadClass(ClassLoader.java:357)
	at org.eclipse.osgi.internal.framework.EquinoxBundle.loadClass(EquinoxBundle.java:609)
	at org.eclipse.core.internal.registry.osgi.RegistryStrategyOSGI.createExecutableExtension(RegistryStrategyOSGI.java:177)
	at org.eclipse.core.internal.registry.ExtensionRegistry.createExecutableExtension(ExtensionRegistry.java:931)
	at org.eclipse.core.internal.registry.ConfigurationElement.createExecutableExtension(ConfigurationElement.java:243)
	at org.eclipse.core.internal.registry.ConfigurationElementHandle.createExecutableExtension(ConfigurationElementHandle.java:60)
	at org.eclipse.equinox.internal.app.EclipseAppHandle.run(EclipseAppHandle.java:191)
	at org.eclipse.core.runtime.internal.adaptor.EclipseAppLauncher.runApplication(EclipseAppLauncher.java:134)
	at org.eclipse.core.runtime.internal.adaptor.EclipseAppLauncher.start(EclipseAppLauncher.java:104)
	at org.eclipse.core.runtime.adaptor.EclipseStarter.run(EclipseStarter.java:388)
	at org.eclipse.core.runtime.adaptor.EclipseStarter.run(EclipseStarter.java:243)
	at sun.reflect.NativeMethodAccessorImpl.invoke0(Native Method)
	at sun.reflect.NativeMethodAccessorImpl.invoke(NativeMethodAccessorImpl.java:62)
	at sun.reflect.DelegatingMethodAccessorImpl.invoke(DelegatingMethodAccessorImpl.java:43)
	at java.lang.reflect.Method.invoke(Method.java:498)
	at org.eclipse.equinox.launcher.Main.invokeFramework(Main.java:656)
	at org.eclipse.equinox.launcher.Main.basicRun(Main.java:592)
	at org.eclipse.equinox.launcher.Main.run(Main.java:1498)
	at org.eclipse.equinox.launcher.Main.main(Main.java:1471)

!ENTRY org.eclipse.core.net.linux.x86_64 2 0 2018-06-07 16:16:08.078
!MESSAGE Could not resolve module: org.eclipse.core.net.linux.x86_64 [24]
  Unresolved requirement: Require-Capability: eclipse.platform; filter:="(& (osgi.os=linux) (osgi.arch=x86_64))"
  Unresolved requirement: Require-Capability: eclipse.platform; filter:="(& (osgi.os=linux) (osgi.arch=x86_64))"


!ENTRY org.eclipse.equinox.security.linux.x86_64 2 0 2018-06-07 16:16:08.078
!MESSAGE Could not resolve module: org.eclipse.equinox.security.linux.x86_64 [38]
  Unresolved requirement: Require-Capability: eclipse.platform; filter:="(& (osgi.os=linux) (osgi.arch=x86_64))"
  Unresolved requirement: Require-Capability: eclipse.platform; filter:="(& (osgi.os=linux) (osgi.arch=x86_64))"


!ENTRY org.eclipse.equinox.launcher.gtk.linux.x86_64 2 0 2018-06-07 16:16:08.078
!MESSAGE Could not resolve module: org.eclipse.equinox.launcher.gtk.linux.x86_64 [34]
  Unresolved requirement: Require-Capability: eclipse.platform; filter:="(& (osgi.ws=gtk) (osgi.os=linux) (osgi.arch=x86_64))"
  Unresolved requirement: Require-Capability: eclipse.platform; filter:="(& (osgi.ws=gtk) (osgi.os=linux) (osgi.arch=x86_64))"


!ENTRY org.eclipse.osgi 4 0 2018-06-07 16:16:08.079
!MESSAGE Application error
!STACK 1
org.eclipse.core.runtime.CoreException: Plug-in org.eclipse.jdt.ls.core was unable to load class org.eclipse.jdt.ls.core.internal.LanguageServer.
	at org.eclipse.core.internal.registry.osgi.RegistryStrategyOSGI.throwException(RegistryStrategyOSGI.java:197)
	at org.eclipse.core.internal.registry.osgi.RegistryStrategyOSGI.createExecutableExtension(RegistryStrategyOSGI.java:179)
	at org.eclipse.core.internal.registry.ExtensionRegistry.createExecutableExtension(ExtensionRegistry.java:931)
	at org.eclipse.core.internal.registry.ConfigurationElement.createExecutableExtension(ConfigurationElement.java:243)
	at org.eclipse.core.internal.registry.ConfigurationElementHandle.createExecutableExtension(ConfigurationElementHandle.java:60)
	at org.eclipse.equinox.internal.app.EclipseAppHandle.run(EclipseAppHandle.java:191)
	at org.eclipse.core.runtime.internal.adaptor.EclipseAppLauncher.runApplication(EclipseAppLauncher.java:134)
	at org.eclipse.core.runtime.internal.adaptor.EclipseAppLauncher.start(EclipseAppLauncher.java:104)
	at org.eclipse.core.runtime.adaptor.EclipseStarter.run(EclipseStarter.java:388)
	at org.eclipse.core.runtime.adaptor.EclipseStarter.run(EclipseStarter.java:243)
	at sun.reflect.NativeMethodAccessorImpl.invoke0(Native Method)
	at sun.reflect.NativeMethodAccessorImpl.invoke(NativeMethodAccessorImpl.java:62)
	at sun.reflect.DelegatingMethodAccessorImpl.invoke(DelegatingMethodAccessorImpl.java:43)
	at java.lang.reflect.Method.invoke(Method.java:498)
	at org.eclipse.equinox.launcher.Main.invokeFramework(Main.java:656)
	at org.eclipse.equinox.launcher.Main.basicRun(Main.java:592)
	at org.eclipse.equinox.launcher.Main.run(Main.java:1498)
	at org.eclipse.equinox.launcher.Main.main(Main.java:1471)
Caused by: java.lang.ClassNotFoundException: An error occurred while automatically activating bundle org.eclipse.jdt.ls.core (51).
	at org.eclipse.osgi.internal.hooks.EclipseLazyStarter.postFindLocalClass(EclipseLazyStarter.java:123)
	at org.eclipse.osgi.internal.loader.classpath.ClasspathManager.findLocalClass(ClasspathManager.java:505)
	at org.eclipse.osgi.internal.loader.ModuleClassLoader.findLocalClass(ModuleClassLoader.java:328)
	at org.eclipse.osgi.internal.loader.BundleLoader.findLocalClass(BundleLoader.java:392)
	at org.eclipse.osgi.internal.loader.BundleLoader.findClassInternal(BundleLoader.java:470)
	at org.eclipse.osgi.internal.loader.BundleLoader.findClass(BundleLoader.java:419)
	at org.eclipse.osgi.internal.loader.BundleLoader.findClass(BundleLoader.java:411)
	at org.eclipse.osgi.internal.loader.ModuleClassLoader.loadClass(ModuleClassLoader.java:150)
	at java.lang.ClassLoader.loadClass(ClassLoader.java:357)
	at org.eclipse.osgi.internal.framework.EquinoxBundle.loadClass(EquinoxBundle.java:609)
	at org.eclipse.core.internal.registry.osgi.RegistryStrategyOSGI.createExecutableExtension(RegistryStrategyOSGI.java:177)
	... 16 more
Caused by: org.osgi.framework.BundleException: Exception in org.eclipse.jdt.ls.core.internal.JavaLanguageServerPlugin.start() of bundle org.eclipse.jdt.ls.core.
	at org.eclipse.osgi.internal.framework.BundleContextImpl.startActivator(BundleContextImpl.java:800)
	at org.eclipse.osgi.internal.framework.BundleContextImpl.start(BundleContextImpl.java:729)
	at org.eclipse.osgi.internal.framework.EquinoxBundle.startWorker0(EquinoxBundle.java:1002)
	at org.eclipse.osgi.internal.framework.EquinoxBundle$EquinoxModule.startWorker(EquinoxBundle.java:354)
	at org.eclipse.osgi.container.Module.doStart(Module.java:581)
	at org.eclipse.osgi.container.Module.start(Module.java:449)
	at org.eclipse.osgi.framework.util.SecureAction.start(SecureAction.java:468)
	at org.eclipse.osgi.internal.hooks.EclipseLazyStarter.postFindLocalClass(EclipseLazyStarter.java:114)
	... 26 more
Caused by: java.lang.IllegalStateException: BundleContext is no longer valid
	at org.eclipse.osgi.internal.framework.BundleContextImpl.checkValid(BundleContextImpl.java:989)
	at org.eclipse.osgi.internal.framework.BundleContextImpl.getBundle(BundleContextImpl.java:129)
	at org.eclipse.jdt.ls.core.internal.JavaLanguageServerPlugin.logException(JavaLanguageServerPlugin.java:298)
	at org.eclipse.jdt.ls.core.internal.JavaLanguageServerPlugin.start(JavaLanguageServerPlugin.java:113)
	at org.eclipse.osgi.internal.framework.BundleContextImpl$3.run(BundleContextImpl.java:779)
	at org.eclipse.osgi.internal.framework.BundleContextImpl$3.run(BundleContextImpl.java:1)
	at java.security.AccessController.doPrivileged(Native Method)
	at org.eclipse.osgi.internal.framework.BundleContextImpl.startActivator(BundleContextImpl.java:772)
	... 33 more
